<?xml version="1.0" encoding="UTF-8" ?>
<testsuite tests="18" failures="0" name="com.assignment_5.calculator.calculator_larsw.advancedMethodsTest" time="1.271" errors="0" skipped="0">
  <properties>
    <property name="java.runtime.name" value="Java(TM) SE Runtime Environment"/>
    <property name="sun.boot.library.path" value="/usr/lib/jvm/java-8-oracle/jre/lib/amd64"/>
    <property name="java.vm.version" value="25.151-b12"/>
    <property name="java.vm.vendor" value="Oracle Corporation"/>
    <property name="java.vendor.url" value="http://java.oracle.com/"/>
    <property name="path.separator" value=":"/>
    <property name="guice.disable.misplaced.annotation.check" value="true"/>
    <property name="java.vm.name" value="Java HotSpot(TM) 64-Bit Server VM"/>
    <property name="file.encoding.pkg" value="sun.io"/>
    <property name="user.country" value="US"/>
    <property name="sun.java.launcher" value="SUN_STANDARD"/>
    <property name="sun.os.patch.level" value="unknown"/>
    <property name="java.vm.specification.name" value="Java Virtual Machine Specification"/>
    <property name="user.dir" value="/home/lars/workspace/calculator-larsw"/>
    <property name="java.runtime.version" value="1.8.0_151-b12"/>
    <property name="java.awt.graphicsenv" value="sun.awt.X11GraphicsEnvironment"/>
    <property name="java.endorsed.dirs" value="/usr/lib/jvm/java-8-oracle/jre/lib/endorsed"/>
    <property name="os.arch" value="amd64"/>
    <property name="java.io.tmpdir" value="/tmp"/>
    <property name="line.separator" value="
"/>
    <property name="java.vm.specification.vendor" value="Oracle Corporation"/>
    <property name="os.name" value="Linux"/>
    <property name="classworlds.conf" value="/usr/share/maven/bin/m2.conf"/>
    <property name="sun.jnu.encoding" value="UTF-8"/>
    <property name="java.library.path" value="/usr/java/packages/lib/amd64:/usr/lib64:/lib64:/lib:/usr/lib"/>
    <property name="java.specification.name" value="Java Platform API Specification"/>
    <property name="java.class.version" value="52.0"/>
    <property name="sun.management.compiler" value="HotSpot 64-Bit Tiered Compilers"/>
    <property name="os.version" value="4.4.0-31-generic"/>
    <property name="user.home" value="/home/lars"/>
    <property name="user.timezone" value="Europe/Stockholm"/>
    <property name="java.awt.printerjob" value="sun.print.PSPrinterJob"/>
    <property name="file.encoding" value="UTF-8"/>
    <property name="java.specification.version" value="1.8"/>
    <property name="user.name" value="lars"/>
    <property name="java.class.path" value="/usr/share/maven/boot/plexus-classworlds-2.x.jar"/>
    <property name="java.vm.specification.version" value="1.8"/>
    <property name="sun.arch.data.model" value="64"/>
    <property name="java.home" value="/usr/lib/jvm/java-8-oracle/jre"/>
    <property name="sun.java.command" value="org.codehaus.plexus.classworlds.launcher.Launcher clean install -U"/>
    <property name="java.specification.vendor" value="Oracle Corporation"/>
    <property name="user.language" value="en"/>
    <property name="awt.toolkit" value="sun.awt.X11.XToolkit"/>
    <property name="java.vm.info" value="mixed mode"/>
    <property name="java.version" value="1.8.0_151"/>
    <property name="java.ext.dirs" value="/usr/lib/jvm/java-8-oracle/jre/lib/ext:/usr/java/packages/lib/ext"/>
    <property name="securerandom.source" value="file:/dev/./urandom"/>
    <property name="sun.boot.class.path" value="/usr/lib/jvm/java-8-oracle/jre/lib/resources.jar:/usr/lib/jvm/java-8-oracle/jre/lib/rt.jar:/usr/lib/jvm/java-8-oracle/jre/lib/sunrsasign.jar:/usr/lib/jvm/java-8-oracle/jre/lib/jsse.jar:/usr/lib/jvm/java-8-oracle/jre/lib/jce.jar:/usr/lib/jvm/java-8-oracle/jre/lib/charsets.jar:/usr/lib/jvm/java-8-oracle/jre/lib/jfr.jar:/usr/lib/jvm/java-8-oracle/jre/classes"/>
    <property name="java.vendor" value="Oracle Corporation"/>
    <property name="maven.home" value="/usr/share/maven"/>
    <property name="file.separator" value="/"/>
    <property name="java.vendor.url.bug" value="http://bugreport.sun.com/bugreport/"/>
    <property name="sun.cpu.endian" value="little"/>
    <property name="sun.io.unicode.encoding" value="UnicodeLittle"/>
    <property name="sun.desktop" value="gnome"/>
    <property name="sun.cpu.isalist" value=""/>
  </properties>
  <testcase classname="com.assignment_5.calculator.calculator_larsw.advancedMethodsTest" name="testCalculatorSquareRoot" time="0.157"/>
  <testcase classname="com.assignment_5.calculator.calculator_larsw.advancedMethodsTest" name="testCalculatorSquareZero" time="0.004"/>
  <testcase classname="com.assignment_5.calculator.calculator_larsw.advancedMethodsTest" name="testCalculatorNthSquareRootExponentZero" time="0.093"/>
  <testcase classname="com.assignment_5.calculator.calculator_larsw.advancedMethodsTest" name="testCalculatorNthSquareRootExponentNegative" time="0.081"/>
  <testcase classname="com.assignment_5.calculator.calculator_larsw.advancedMethodsTest" name="testCalculatorPowerOfExponentNegative" time="0.066"/>
  <testcase classname="com.assignment_5.calculator.calculator_larsw.advancedMethodsTest" name="testCalculatorSquareNegative" time="0.112"/>
  <testcase classname="com.assignment_5.calculator.calculator_larsw.advancedMethodsTest" name="testCalculatorPowerOf" time="0.078"/>
  <testcase classname="com.assignment_5.calculator.calculator_larsw.advancedMethodsTest" name="testCalculatorTenPowerOfZero" time="0"/>
  <testcase classname="com.assignment_5.calculator.calculator_larsw.advancedMethodsTest" name="testCalculatorPowerOfTwoNegative" time="0.124"/>
  <testcase classname="com.assignment_5.calculator.calculator_larsw.advancedMethodsTest" name="testCalculatorSquare" time="0.079"/>
  <testcase classname="com.assignment_5.calculator.calculator_larsw.advancedMethodsTest" name="testCalculatorBaseZero" time="0.001"/>
  <testcase classname="com.assignment_5.calculator.calculator_larsw.advancedMethodsTest" name="testCalculatorPowerOfOneZero" time="0.05"/>
  <testcase classname="com.assignment_5.calculator.calculator_larsw.advancedMethodsTest" name="testCalculatorTenPowerOfNegative" time="0.057"/>
  <testcase classname="com.assignment_5.calculator.calculator_larsw.advancedMethodsTest" name="testCalculatorPowerOfTwoZero" time="0"/>
  <testcase classname="com.assignment_5.calculator.calculator_larsw.advancedMethodsTest" name="testCalculatorTenPowerOf" time="0.045"/>
  <testcase classname="com.assignment_5.calculator.calculator_larsw.advancedMethodsTest" name="testCalculatorLog" time="0.033"/>
  <testcase classname="com.assignment_5.calculator.calculator_larsw.advancedMethodsTest" name="testCalculatorNthSquareRoot" time="0.05"/>
  <testcase classname="com.assignment_5.calculator.calculator_larsw.advancedMethodsTest" name="testCalculatorPowerOfBaseNegative" time="0.02"/>
</testsuite>